[debug] ----------------------------------------------------------------------
[debug] Command:      /usr/local/bin/node /Users/williammcdermott/.npm-packages/bin/firebase open
[debug] CLI Version:  3.0.6
[debug] Platform:     darwin
[debug] Node Version: v4.4.3
[debug] Time:         Mon Aug 08 2016 15:50:38 GMT-0500 (CDT)
[debug] ----------------------------------------------------------------------
[debug] 
[debug] > command requires scopes: ["email","openid","https://www.googleapis.com/auth/cloudplatformprojects.readonly","https://www.googleapis.com/auth/firebase"]
[debug] >>> HTTP REQUEST GET https://admin.firebase.com/v1/projects/billandaaronsyahtzee 
[debug] <<< HTTP RESPONSE 200
[debug] >>> HTTP REQUEST GET https://admin.firebase.com/v1/database/billandaaronsyahtzee/tokens 
[debug] <<< HTTP RESPONSE 500
[debug] <<< HTTP RESPONSE BODY
[error] 
[error] Error: HTTP Error: 500, An unknown error occurred. Please contact support.
[debug] Error Context: {
  "body": {
    "error": {
      "code": "UNKNOWN_ERROR",
      "message": "An unknown error occurred. Please contact support."
    }
  },
  "response": {
    "statusCode": 500,
    "body": {
      "error": {
        "code": "UNKNOWN_ERROR",
        "message": "An unknown error occurred. Please contact support."
      }
    },
    "headers": {
      "server": "nginx",
      "date": "Mon, 08 Aug 2016 20:50:39 GMT",
      "content-type": "application/json; charset=utf-8",
      "content-length": "97",
      "connection": "close",
      "x-content-type-options": "nosniff"
    },
    "request": {
      "uri": {
        "protocol": "https:",
        "slashes": true,
        "auth": null,
        "host": "admin.firebase.com",
        "port": 443,
        "hostname": "admin.firebase.com",
        "hash": null,
        "search": null,
        "query": null,
        "pathname": "/v1/database/billandaaronsyahtzee/tokens",
        "path": "/v1/database/billandaaronsyahtzee/tokens",
        "href": "https://admin.firebase.com/v1/database/billandaaronsyahtzee/tokens"
      },
      "method": "GET"
    }
  }
}
